[    4164ms] [VERBOSE] [DOM] Password field is not contained in a form: (More info: https://goo.gl/9p2vKq) %o @ http://tplinkwifi.net/:0
[    4165ms] [VERBOSE] [DOM] Password field is not contained in a form: (More info: https://goo.gl/9p2vKq) %o @ http://tplinkwifi.net/:0
[    4165ms] [VERBOSE] [DOM] Password field is not contained in a form: (More info: https://goo.gl/9p2vKq) %o @ http://tplinkwifi.net/:0
[   11175ms] [VERBOSE] [DOM] Password field is not contained in a form: (More info: https://goo.gl/9p2vKq) %o @ http://tplinkwifi.net/:0
[   11175ms] [VERBOSE] [DOM] Password field is not contained in a form: (More info: https://goo.gl/9p2vKq) %o @ http://tplinkwifi.net/:0
[   11175ms] [VERBOSE] [DOM] Password field is not contained in a form: (More info: https://goo.gl/9p2vKq) %o @ http://tplinkwifi.net/:0
[   40588ms] [VERBOSE] [DOM] Password field is not contained in a form: (More info: https://goo.gl/9p2vKq) %o @ http://tplinkwifi.net/mainFrame.htm:0
[   40588ms] [VERBOSE] [DOM] Password field is not contained in a form: (More info: https://goo.gl/9p2vKq) %o @ http://tplinkwifi.net/mainFrame.htm:0
[   47069ms] [VERBOSE] [DOM] Password field is not contained in a form: (More info: https://goo.gl/9p2vKq) @ http://tplinkwifi.net/mainFrame.htm:0
[   47069ms] [VERBOSE] [DOM] Password field is not contained in a form: (More info: https://goo.gl/9p2vKq) @ http://tplinkwifi.net/mainFrame.htm:0
[   47069ms] [VERBOSE] [DOM] Password field is not contained in a form: (More info: https://goo.gl/9p2vKq) %o @ http://tplinkwifi.net/mainFrame.htm:0
[   47069ms] [VERBOSE] [DOM] Password field is not contained in a form: (More info: https://goo.gl/9p2vKq) %o @ http://tplinkwifi.net/mainFrame.htm:0
[   61372ms] [VERBOSE] [DOM] Password field is not contained in a form: (More info: https://goo.gl/9p2vKq) @ http://tplinkwifi.net/mainFrame.htm:0
[   61372ms] [VERBOSE] [DOM] Password field is not contained in a form: (More info: https://goo.gl/9p2vKq) @ http://tplinkwifi.net/mainFrame.htm:0
[   61372ms] [VERBOSE] [DOM] Password field is not contained in a form: (More info: https://goo.gl/9p2vKq) %o @ http://tplinkwifi.net/mainFrame.htm:0
[   61372ms] [VERBOSE] [DOM] Password field is not contained in a form: (More info: https://goo.gl/9p2vKq) %o @ http://tplinkwifi.net/mainFrame.htm:0
[   75028ms] [VERBOSE] [DOM] Password field is not contained in a form: (More info: https://goo.gl/9p2vKq) @ http://tplinkwifi.net/mainFrame.htm:0
[   75028ms] [VERBOSE] [DOM] Password field is not contained in a form: (More info: https://goo.gl/9p2vKq) @ http://tplinkwifi.net/mainFrame.htm:0
[   75028ms] [VERBOSE] [DOM] Password field is not contained in a form: (More info: https://goo.gl/9p2vKq) %o @ http://tplinkwifi.net/mainFrame.htm:0
[   75028ms] [VERBOSE] [DOM] Password field is not contained in a form: (More info: https://goo.gl/9p2vKq) %o @ http://tplinkwifi.net/mainFrame.htm:0
[  110389ms] [VERBOSE] [DOM] Password field is not contained in a form: (More info: https://goo.gl/9p2vKq) @ http://tplinkwifi.net/mainFrame.htm:0
[  110389ms] [VERBOSE] [DOM] Password field is not contained in a form: (More info: https://goo.gl/9p2vKq) @ http://tplinkwifi.net/mainFrame.htm:0
[  110389ms] [VERBOSE] [DOM] Password field is not contained in a form: (More info: https://goo.gl/9p2vKq) %o @ http://tplinkwifi.net/mainFrame.htm:0
[  110389ms] [VERBOSE] [DOM] Password field is not contained in a form: (More info: https://goo.gl/9p2vKq) %o @ http://tplinkwifi.net/mainFrame.htm:0
[  186834ms] [VERBOSE] [DOM] Password field is not contained in a form: (More info: https://goo.gl/9p2vKq) @ http://tplinkwifi.net/mainFrame.htm:0
[  186834ms] [VERBOSE] [DOM] Password field is not contained in a form: (More info: https://goo.gl/9p2vKq) @ http://tplinkwifi.net/mainFrame.htm:0
[  186834ms] [VERBOSE] [DOM] Password field is not contained in a form: (More info: https://goo.gl/9p2vKq) %o @ http://tplinkwifi.net/mainFrame.htm:0
[  186834ms] [VERBOSE] [DOM] Password field is not contained in a form: (More info: https://goo.gl/9p2vKq) %o @ http://tplinkwifi.net/mainFrame.htm:0
[  313422ms] [VERBOSE] [DOM] Password field is not contained in a form: (More info: https://goo.gl/9p2vKq) @ http://tplinkwifi.net/mainFrame.htm:0
[  313422ms] [VERBOSE] [DOM] Password field is not contained in a form: (More info: https://goo.gl/9p2vKq) @ http://tplinkwifi.net/mainFrame.htm:0
[  313422ms] [VERBOSE] [DOM] Password field is not contained in a form: (More info: https://goo.gl/9p2vKq) %o @ http://tplinkwifi.net/mainFrame.htm:0
[  313422ms] [VERBOSE] [DOM] Password field is not contained in a form: (More info: https://goo.gl/9p2vKq) %o @ http://tplinkwifi.net/mainFrame.htm:0
