[   39296ms] [VERBOSE] [DOM] Password field is not contained in a form: (More info: https://goo.gl/9p2vKq) %o @ http://tplinkwifi.net/:0
[   39296ms] [VERBOSE] [DOM] Password field is not contained in a form: (More info: https://goo.gl/9p2vKq) %o @ http://tplinkwifi.net/:0
[   39296ms] [VERBOSE] [DOM] Password field is not contained in a form: (More info: https://goo.gl/9p2vKq) %o @ http://tplinkwifi.net/:0
[  129880ms] [ERROR] Failed to load resource: the server responded with a status of 401 (Unauthorized) @ http://tplinkwifi.net/js/libs/jquery.min.js?t=77dcae04:2
[  130164ms] [VERBOSE] [DOM] Password field is not contained in a form: (More info: https://goo.gl/9p2vKq) %o @ http://tplinkwifi.net/:0
[  140266ms] [ERROR] Failed to load resource: the server responded with a status of 401 (Unauthorized) @ http://tplinkwifi.net/js/libs/jquery.min.js?t=77dcae04:2
[  154326ms] [ERROR] Failed to load resource: the server responded with a status of 401 (Unauthorized) @ http://tplinkwifi.net/js/libs/jquery.min.js?t=77dcae04:2
[  154420ms] [VERBOSE] [DOM] Password field is not contained in a form: (More info: https://goo.gl/9p2vKq) @ http://tplinkwifi.net/#networkBasic:0
[  171341ms] [VERBOSE] [DOM] Password field is not contained in a form: (More info: https://goo.gl/9p2vKq) @ http://tplinkwifi.net/#networkBasic:0
[  179515ms] [VERBOSE] [DOM] Password field is not contained in a form: (More info: https://goo.gl/9p2vKq) @ http://tplinkwifi.net/#quickSetup:0
[  264304ms] [ERROR] Failed to load resource: the server responded with a status of 400 (Bad Request) @ http://tplinkwifi.net/?code=2&asyn=1&id=.%5Bnmlsxvuuiu%08qk!SG%2B%5E%24ic%5DtPT%7B1p%2B7:0
[  264303ms] Error: ev_ajax_error
    at new $.su.Error (http://tplinkwifi.net/js/su/frame1.js?t=77dcae04:1:34700)
    at $.su.Error.raise (http://tplinkwifi.net/js/su/frame1.js?t=77dcae04:1:34892)
    at $.su.raise (http://tplinkwifi.net/js/su/frame1.js?t=77dcae04:1:34993)
    at _.error (http://tplinkwifi.net/js/su/frame2.js?t=77dcae04:1:98157)
    at c (http://tplinkwifi.net/js/libs/jquery.min.js?t=77dcae04:1:25968)
    at Object.fireWith [as rejectWith] (http://tplinkwifi.net/js/libs/jquery.min.js?t=77dcae04:1:26773)
    at k (http://tplinkwifi.net/js/libs/jquery.min.js?t=77dcae04:3:14052)
    at XMLHttpRequest.r (http://tplinkwifi.net/js/libs/jquery.min.js?t=77dcae04:3:18415)
[  306260ms] [ERROR] Failed to load resource: the server responded with a status of 400 (Bad Request) @ http://tplinkwifi.net/?code=2&asyn=1&id=.%5Bnmlsxvuuiu%08qk!SG%2B%5E%24ic%5DtPT%7B1p%2B7:0
[  306260ms] Error: ev_ajax_error
    at new $.su.Error (http://tplinkwifi.net/js/su/frame1.js?t=77dcae04:1:34700)
    at $.su.Error.raise (http://tplinkwifi.net/js/su/frame1.js?t=77dcae04:1:34892)
    at $.su.raise (http://tplinkwifi.net/js/su/frame1.js?t=77dcae04:1:34993)
    at _.error (http://tplinkwifi.net/js/su/frame2.js?t=77dcae04:1:98157)
    at c (http://tplinkwifi.net/js/libs/jquery.min.js?t=77dcae04:1:25968)
    at Object.fireWith [as rejectWith] (http://tplinkwifi.net/js/libs/jquery.min.js?t=77dcae04:1:26773)
    at k (http://tplinkwifi.net/js/libs/jquery.min.js?t=77dcae04:3:14052)
    at XMLHttpRequest.r (http://tplinkwifi.net/js/libs/jquery.min.js?t=77dcae04:3:18415)
[  322035ms] [ERROR] Failed to load resource: the server responded with a status of 400 (Bad Request) @ http://tplinkwifi.net/?code=2&asyn=1&id=.%5Bnmlsxvuuiu%08qk!SG%2B%5E%24ic%5DtPT%7B1p%2B7:0
[  322035ms] Error: ev_ajax_error
    at new $.su.Error (http://tplinkwifi.net/js/su/frame1.js?t=77dcae04:1:34700)
    at $.su.Error.raise (http://tplinkwifi.net/js/su/frame1.js?t=77dcae04:1:34892)
    at $.su.raise (http://tplinkwifi.net/js/su/frame1.js?t=77dcae04:1:34993)
    at _.error (http://tplinkwifi.net/js/su/frame2.js?t=77dcae04:1:98157)
    at c (http://tplinkwifi.net/js/libs/jquery.min.js?t=77dcae04:1:25968)
    at Object.fireWith [as rejectWith] (http://tplinkwifi.net/js/libs/jquery.min.js?t=77dcae04:1:26773)
    at k (http://tplinkwifi.net/js/libs/jquery.min.js?t=77dcae04:3:14052)
    at XMLHttpRequest.r (http://tplinkwifi.net/js/libs/jquery.min.js?t=77dcae04:3:18415)
[  467477ms] [VERBOSE] [DOM] Password field is not contained in a form: (More info: https://goo.gl/9p2vKq) @ http://tplinkwifi.net/#networkBasic:0
[  645462ms] [VERBOSE] [DOM] Password field is not contained in a form: (More info: https://goo.gl/9p2vKq) @ http://tplinkwifi.net/#networkBasic:0
[  754397ms] [VERBOSE] [DOM] Password field is not contained in a form: (More info: https://goo.gl/9p2vKq) @ http://tplinkwifi.net/#quickSetup:0
[ 1261909ms] [VERBOSE] [DOM] Password field is not contained in a form: (More info: https://goo.gl/9p2vKq) %o @ http://tplinkwifi.net/#quickSetup:0
[ 1261909ms] [VERBOSE] [DOM] Password field is not contained in a form: (More info: https://goo.gl/9p2vKq) %o @ http://tplinkwifi.net/#quickSetup:0
[ 1261909ms] [VERBOSE] [DOM] Password field is not contained in a form: (More info: https://goo.gl/9p2vKq) %o @ http://tplinkwifi.net/#quickSetup:0
[ 1265006ms] [VERBOSE] [DOM] Password field is not contained in a form: (More info: https://goo.gl/9p2vKq) %o @ http://tplinkwifi.net/#quickSetup:0
[ 1265006ms] [VERBOSE] [DOM] Password field is not contained in a form: (More info: https://goo.gl/9p2vKq) %o @ http://tplinkwifi.net/#quickSetup:0
[ 1265006ms] [VERBOSE] [DOM] Password field is not contained in a form: (More info: https://goo.gl/9p2vKq) %o @ http://tplinkwifi.net/#quickSetup:0
[ 1265290ms] [VERBOSE] [DOM] Password field is not contained in a form: (More info: https://goo.gl/9p2vKq) %o @ http://tplinkwifi.net/#quickSetup:0
[ 1265290ms] [VERBOSE] [DOM] Password field is not contained in a form: (More info: https://goo.gl/9p2vKq) %o @ http://tplinkwifi.net/#quickSetup:0
[ 1265290ms] [VERBOSE] [DOM] Password field is not contained in a form: (More info: https://goo.gl/9p2vKq) %o @ http://tplinkwifi.net/#quickSetup:0
