[  306924ms] [ERROR] Failed to load resource: the server responded with a status of 401 (Unauthorized) @ http://tplinkwifi.net/js/libs/jquery.min.js?t=77dcae04:2
[  307051ms] [ERROR] Failed to load resource: the server responded with a status of 401 (Unauthorized) @ http://tplinkwifi.net/js/libs/jquery.min.js?t=77dcae04:2
[  307060ms] [ERROR] Failed to load resource: the server responded with a status of 401 (Unauthorized) @ http://tplinkwifi.net/?code=2&asyn=1:0
[  307972ms] [ERROR] Failed to load resource: the server responded with a status of 401 (Unauthorized) @ http://tplinkwifi.net/js/libs/jquery.min.js?t=77dcae04:2
[  308247ms] [VERBOSE] [DOM] Password field is not contained in a form: (More info: https://goo.gl/9p2vKq) %o @ http://tplinkwifi.net/:0
[  330259ms] [ERROR] Failed to load resource: the server responded with a status of 401 (Unauthorized) @ http://tplinkwifi.net/js/libs/jquery.min.js?t=77dcae04:2
[  330421ms] [ERROR] Failed to load resource: the server responded with a status of 401 (Unauthorized) @ http://tplinkwifi.net/?code=7&asyn=0&id=%2ByJ!%7C1pVyRm%2C%2B!%2B(173(9r5(r%5DjebHB6:0
[  332930ms] [ERROR] Failed to load resource: the server responded with a status of 401 (Unauthorized) @ http://tplinkwifi.net/js/libs/jquery.min.js?t=77dcae04:2
[  332934ms] [ERROR] Failed to load resource: the server responded with a status of 401 (Unauthorized) @ http://tplinkwifi.net/?code=7&asyn=0&id=%2ByJ!%7C1pVyRm%2C%2B!%2B(173(9r5(r%5DjebHB6:0
[  337510ms] [ERROR] Failed to load resource: the server responded with a status of 401 (Unauthorized) @ http://tplinkwifi.net/js/libs/jquery.min.js?t=77dcae04:2
[  337519ms] [ERROR] Failed to load resource: the server responded with a status of 401 (Unauthorized) @ http://tplinkwifi.net/?code=7&asyn=0&id=%2ByJ!%7C1pVyRm%2C%2B!%2B(173(9r5(r%5DjebHB6:0
[  365843ms] [ERROR] Failed to load resource: the server responded with a status of 401 (Unauthorized) @ http://tplinkwifi.net/js/libs/jquery.min.js?t=77dcae04:2
[  379745ms] [ERROR] Failed to load resource: the server responded with a status of 401 (Unauthorized) @ http://tplinkwifi.net/js/libs/jquery.min.js?t=77dcae04:2
[  379761ms] [VERBOSE] [DOM] Password field is not contained in a form: (More info: https://goo.gl/9p2vKq) %o @ http://tplinkwifi.net/#quickSetup:0
[  504743ms] [VERBOSE] [DOM] Password field is not contained in a form: (More info: https://goo.gl/9p2vKq) @ http://tplinkwifi.net/#networkBasic:0
[  597248ms] [VERBOSE] [DOM] Password field is not contained in a form: (More info: https://goo.gl/9p2vKq) @ http://tplinkwifi.net/#wanSettings:0
[  639229ms] [VERBOSE] [DOM] Password field is not contained in a form: (More info: https://goo.gl/9p2vKq) @ http://tplinkwifi.net/#networkBasic:0
[  645802ms] [VERBOSE] [DOM] Password field is not contained in a form: (More info: https://goo.gl/9p2vKq) @ http://tplinkwifi.net/#wanSettings:0
[  705121ms] [VERBOSE] [DOM] Password field is not contained in a form: (More info: https://goo.gl/9p2vKq) @ http://tplinkwifi.net/#quickSetup:0
[  844052ms] [VERBOSE] [DOM] Password field is not contained in a form: (More info: https://goo.gl/9p2vKq) @ http://tplinkwifi.net/#networkBasic:0
[  870394ms] Error: ev_model_ajax_error
    at new $.su.Error (http://tplinkwifi.net/js/su/frame1.js?t=77dcae04:1:34700)
    at $.su.Error.raise (http://tplinkwifi.net/js/su/frame1.js?t=77dcae04:1:34892)
    at $.su.raise (http://tplinkwifi.net/js/su/frame1.js?t=77dcae04:1:34993)
    at _.fn (http://tplinkwifi.net/js/su/frame2.js?t=77dcae04:1:17640)
    at e.<anonymous> (http://tplinkwifi.net/js/su/frame2.js?t=77dcae04:1:9840)
    at e.su.Observable.t.fireEvent (http://tplinkwifi.net/js/su/frame1.js?t=77dcae04:1:10573)
    at e.error (http://tplinkwifi.net/js/su/frame1.js?t=77dcae04:1:74026)
    at _.error (http://tplinkwifi.net/js/su/frame2.js?t=77dcae04:1:98124)
    at c (http://tplinkwifi.net/js/libs/jquery.min.js?t=77dcae04:1:25968)
    at Object.fireWith [as rejectWith] (http://tplinkwifi.net/js/libs/jquery.min.js?t=77dcae04:1:26773)
[  872258ms] Error: ev_model_ajax_error
    at new $.su.Error (http://tplinkwifi.net/js/su/frame1.js?t=77dcae04:1:34700)
    at $.su.Error.raise (http://tplinkwifi.net/js/su/frame1.js?t=77dcae04:1:34892)
    at $.su.raise (http://tplinkwifi.net/js/su/frame1.js?t=77dcae04:1:34993)
    at _.fn (http://tplinkwifi.net/js/su/frame2.js?t=77dcae04:1:17640)
    at e.<anonymous> (http://tplinkwifi.net/js/su/frame2.js?t=77dcae04:1:9840)
    at e.su.Observable.t.fireEvent (http://tplinkwifi.net/js/su/frame1.js?t=77dcae04:1:10573)
    at e.error (http://tplinkwifi.net/js/su/frame1.js?t=77dcae04:1:74026)
    at _.error (http://tplinkwifi.net/js/su/frame2.js?t=77dcae04:1:98124)
    at c (http://tplinkwifi.net/js/libs/jquery.min.js?t=77dcae04:1:25968)
    at Object.fireWith [as rejectWith] (http://tplinkwifi.net/js/libs/jquery.min.js?t=77dcae04:1:26773)
[  872258ms] [ERROR] Failed to load resource: net::ERR_NAME_NOT_RESOLVED @ http://tplinkwifi.net/?code=2&asyn=1&id=%2ByJ!%7C1q!Xdm%2C%2B!%2B(173(9r5(r%5DjebHB6:0
